This file contains any messages produced by compilers while
running configure, to aid debugging if configure makes a mistake.

It was created by gtksourcecompletion configure 0.2.2, which was
generated by GNU Autoconf 2.61.  Invocation command line was

  $ /home/perriman/dev/src/gtksourcecomple/gtksourcecompletion/trunk/configure --enable-maintainer-mode --prefix=/usr

## --------- ##
## Platform. ##
## --------- ##

hostname = portatil
uname -m = i686
uname -r = 2.6.22-14-generic
uname -s = Linux
uname -v = #1 SMP Sun Oct 14 23:05:12 GMT 2007

/usr/bin/uname -p = unknown
/bin/uname -X     = unknown

/bin/arch              = unknown
/usr/bin/arch -k       = unknown
/usr/convex/getsysinfo = unknown
/usr/bin/hostinfo      = unknown
/bin/machine           = unknown
/usr/bin/oslevel       = unknown
/bin/universe          = unknown

PATH: /usr/local/sbin
PATH: /usr/local/bin
PATH: /usr/sbin
PATH: /usr/bin
PATH: /sbin
PATH: /bin
PATH: /usr/bin/X11
PATH: /usr/games


## ----------- ##
## Core tests. ##
## ----------- ##

configure:1986: checking for a BSD-compatible install
configure:2042: result: /usr/bin/install -c
configure:2053: checking whether build environment is sane
configure:2096: result: yes
configure:2124: checking for a thread-safe mkdir -p
configure:2163: result: /bin/mkdir -p
configure:2176: checking for gawk
configure:2192: found /usr/bin/gawk
configure:2203: result: gawk
configure:2214: checking whether make sets $(MAKE)
configure:2235: result: yes
configure:2438: checking build system type
configure:2456: result: i686-pc-linux-gnu
configure:2478: checking host system type
configure:2493: result: i686-pc-linux-gnu
configure:2565: checking for pkg-config
configure:2583: found /usr/bin/pkg-config
configure:2595: result: /usr/bin/pkg-config
configure:2624: checking pkg-config is at least version 0.9.0
configure:2627: result: yes
configure:2638: checking for DEP
configure:2646: $PKG_CONFIG --exists --print-errors "gtksourceview-1.0"
configure:2649: $? = 0
configure:2664: $PKG_CONFIG --exists --print-errors "gtksourceview-1.0"
configure:2667: $? = 0
configure:2743: result: yes
configure:2763: checking for a BSD-compatible install
configure:2819: result: /usr/bin/install -c
configure:2878: checking for gcc
configure:2894: found /usr/bin/gcc
configure:2905: result: gcc
configure:3143: checking for C compiler version
configure:3150: gcc --version >&5
gcc (GCC) 4.1.3 20070929 (prerelease) (Ubuntu 4.1.2-16ubuntu2)
Copyright (C) 2006 Free Software Foundation, Inc.
This is free software; see the source for copying conditions.  There is NO
warranty; not even for MERCHANTABILITY or FITNESS FOR A PARTICULAR PURPOSE.

configure:3153: $? = 0
configure:3160: gcc -v >&5
Using built-in specs.
Target: i486-linux-gnu
Configured with: ../src/configure -v --enable-languages=c,c++,fortran,objc,obj-c++,treelang --prefix=/usr --enable-shared --with-system-zlib --libexecdir=/usr/lib --without-included-gettext --enable-threads=posix --enable-nls --with-gxx-include-dir=/usr/include/c++/4.1.3 --program-suffix=-4.1 --enable-__cxa_atexit --enable-clocale=gnu --enable-libstdcxx-debug --enable-mpfr --enable-checking=release i486-linux-gnu
Thread model: posix
gcc version 4.1.3 20070929 (prerelease) (Ubuntu 4.1.2-16ubuntu2)
configure:3163: $? = 0
configure:3170: gcc -V >&5
gcc: '-V' option must have argument
configure:3173: $? = 1
configure:3196: checking for C compiler default output file name
configure:3223: gcc    conftest.c  >&5
configure:3226: $? = 0
configure:3264: result: a.out
configure:3281: checking whether the C compiler works
configure:3291: ./a.out
configure:3294: $? = 0
configure:3311: result: yes
configure:3318: checking whether we are cross compiling
configure:3320: result: no
configure:3323: checking for suffix of executables
configure:3330: gcc -o conftest    conftest.c  >&5
configure:3333: $? = 0
configure:3357: result: 
configure:3363: checking for suffix of object files
configure:3389: gcc -c   conftest.c >&5
configure:3392: $? = 0
configure:3415: result: o
configure:3419: checking whether we are using the GNU C compiler
configure:3448: gcc -c   conftest.c >&5
configure:3454: $? = 0
configure:3471: result: yes
configure:3476: checking whether gcc accepts -g
configure:3506: gcc -c -g  conftest.c >&5
configure:3512: $? = 0
configure:3611: result: yes
configure:3628: checking for gcc option to accept ISO C89
configure:3702: gcc  -c -g -O2  conftest.c >&5
configure:3708: $? = 0
configure:3731: result: none needed
configure:3760: checking for style of include used by make
configure:3788: result: GNU
configure:3813: checking dependency style of gcc
configure:3904: result: gcc3
configure:3991: checking for a sed that does not truncate output
configure:4047: result: /bin/sed
configure:4050: checking for grep that handles long lines and -e
configure:4124: result: /bin/grep
configure:4129: checking for egrep
configure:4207: result: /bin/grep -E
configure:4223: checking for ld used by gcc
configure:4290: result: /usr/bin/ld
configure:4299: checking if the linker (/usr/bin/ld) is GNU ld
configure:4314: result: yes
configure:4319: checking for /usr/bin/ld option to reload object files
configure:4326: result: -r
configure:4344: checking for BSD-compatible nm
configure:4393: result: /usr/bin/nm -B
configure:4397: checking whether ln -s works
configure:4401: result: yes
configure:4408: checking how to recognize dependent libraries
configure:4594: result: pass_all
configure:4835: checking how to run the C preprocessor
configure:4875: gcc -E  conftest.c
configure:4881: $? = 0
configure:4912: gcc -E  conftest.c
conftest.c:10:28: error: ac_nonexistent.h: No such file or directory
configure:4918: $? = 1
configure: failed program was:
| /* confdefs.h.  */
| #define PACKAGE_NAME "gtksourcecompletion"
| #define PACKAGE_TARNAME "gtksourcecompletion"
| #define PACKAGE_VERSION "0.2.2"
| #define PACKAGE_STRING "gtksourcecompletion 0.2.2"
| #define PACKAGE_BUGREPORT ""
| #define PACKAGE "gtksourcecompletion"
| #define VERSION "0.2.2"
| /* end confdefs.h.  */
| #include <ac_nonexistent.h>
configure:4951: result: gcc -E
configure:4980: gcc -E  conftest.c
configure:4986: $? = 0
configure:5017: gcc -E  conftest.c
conftest.c:10:28: error: ac_nonexistent.h: No such file or directory
configure:5023: $? = 1
configure: failed program was:
| /* confdefs.h.  */
| #define PACKAGE_NAME "gtksourcecompletion"
| #define PACKAGE_TARNAME "gtksourcecompletion"
| #define PACKAGE_VERSION "0.2.2"
| #define PACKAGE_STRING "gtksourcecompletion 0.2.2"
| #define PACKAGE_BUGREPORT ""
| #define PACKAGE "gtksourcecompletion"
| #define VERSION "0.2.2"
| /* end confdefs.h.  */
| #include <ac_nonexistent.h>
configure:5061: checking for ANSI C header files
configure:5091: gcc -c -g -O2  conftest.c >&5
configure:5097: $? = 0
configure:5196: gcc -o conftest -g -O2   conftest.c  >&5
configure:5199: $? = 0
configure:5205: ./conftest
configure:5208: $? = 0
configure:5225: result: yes
configure:5249: checking for sys/types.h
configure:5270: gcc -c -g -O2  conftest.c >&5
configure:5276: $? = 0
configure:5292: result: yes
configure:5249: checking for sys/stat.h
configure:5270: gcc -c -g -O2  conftest.c >&5
configure:5276: $? = 0
configure:5292: result: yes
configure:5249: checking for stdlib.h
configure:5270: gcc -c -g -O2  conftest.c >&5
configure:5276: $? = 0
configure:5292: result: yes
configure:5249: checking for string.h
configure:5270: gcc -c -g -O2  conftest.c >&5
configure:5276: $? = 0
configure:5292: result: yes
configure:5249: checking for memory.h
configure:5270: gcc -c -g -O2  conftest.c >&5
configure:5276: $? = 0
configure:5292: result: yes
configure:5249: checking for strings.h
configure:5270: gcc -c -g -O2  conftest.c >&5
configure:5276: $? = 0
configure:5292: result: yes
configure:5249: checking for inttypes.h
configure:5270: gcc -c -g -O2  conftest.c >&5
configure:5276: $? = 0
configure:5292: result: yes
configure:5249: checking for stdint.h
configure:5270: gcc -c -g -O2  conftest.c >&5
configure:5276: $? = 0
configure:5292: result: yes
configure:5249: checking for unistd.h
configure:5270: gcc -c -g -O2  conftest.c >&5
configure:5276: $? = 0
configure:5292: result: yes
configure:5319: checking dlfcn.h usability
configure:5336: gcc -c -g -O2  conftest.c >&5
configure:5342: $? = 0
configure:5356: result: yes
configure:5360: checking dlfcn.h presence
configure:5375: gcc -E  conftest.c
configure:5381: $? = 0
configure:5395: result: yes
configure:5423: checking for dlfcn.h
configure:5431: result: yes
configure:5502: checking for g++
configure:5518: found /usr/bin/g++
configure:5529: result: g++
configure:5560: checking for C++ compiler version
configure:5567: g++ --version >&5
g++ (GCC) 4.1.3 20070929 (prerelease) (Ubuntu 4.1.2-16ubuntu2)
Copyright (C) 2006 Free Software Foundation, Inc.
This is free software; see the source for copying conditions.  There is NO
warranty; not even for MERCHANTABILITY or FITNESS FOR A PARTICULAR PURPOSE.

configure:5570: $? = 0
configure:5577: g++ -v >&5
Using built-in specs.
Target: i486-linux-gnu
Configured with: ../src/configure -v --enable-languages=c,c++,fortran,objc,obj-c++,treelang --prefix=/usr --enable-shared --with-system-zlib --libexecdir=/usr/lib --without-included-gettext --enable-threads=posix --enable-nls --with-gxx-include-dir=/usr/include/c++/4.1.3 --program-suffix=-4.1 --enable-__cxa_atexit --enable-clocale=gnu --enable-libstdcxx-debug --enable-mpfr --enable-checking=release i486-linux-gnu
Thread model: posix
gcc version 4.1.3 20070929 (prerelease) (Ubuntu 4.1.2-16ubuntu2)
configure:5580: $? = 0
configure:5587: g++ -V >&5
g++: '-V' option must have argument
configure:5590: $? = 1
configure:5593: checking whether we are using the GNU C++ compiler
configure:5622: g++ -c   conftest.cpp >&5
configure:5628: $? = 0
configure:5645: result: yes
configure:5650: checking whether g++ accepts -g
configure:5680: g++ -c -g  conftest.cpp >&5
configure:5686: $? = 0
configure:5785: result: yes
configure:5810: checking dependency style of g++
configure:5901: result: gcc3
configure:5926: checking how to run the C++ preprocessor
configure:5962: g++ -E  conftest.cpp
configure:5968: $? = 0
configure:5999: g++ -E  conftest.cpp
conftest.cpp:21:28: error: ac_nonexistent.h: No such file or directory
configure:6005: $? = 1
configure: failed program was:
| /* confdefs.h.  */
| #define PACKAGE_NAME "gtksourcecompletion"
| #define PACKAGE_TARNAME "gtksourcecompletion"
| #define PACKAGE_VERSION "0.2.2"
| #define PACKAGE_STRING "gtksourcecompletion 0.2.2"
| #define PACKAGE_BUGREPORT ""
| #define PACKAGE "gtksourcecompletion"
| #define VERSION "0.2.2"
| #define STDC_HEADERS 1
| #define HAVE_SYS_TYPES_H 1
| #define HAVE_SYS_STAT_H 1
| #define HAVE_STDLIB_H 1
| #define HAVE_STRING_H 1
| #define HAVE_MEMORY_H 1
| #define HAVE_STRINGS_H 1
| #define HAVE_INTTYPES_H 1
| #define HAVE_STDINT_H 1
| #define HAVE_UNISTD_H 1
| #define HAVE_DLFCN_H 1
| /* end confdefs.h.  */
| #include <ac_nonexistent.h>
configure:6038: result: g++ -E
configure:6067: g++ -E  conftest.cpp
configure:6073: $? = 0
configure:6104: g++ -E  conftest.cpp
conftest.cpp:21:28: error: ac_nonexistent.h: No such file or directory
configure:6110: $? = 1
configure: failed program was:
| /* confdefs.h.  */
| #define PACKAGE_NAME "gtksourcecompletion"
| #define PACKAGE_TARNAME "gtksourcecompletion"
| #define PACKAGE_VERSION "0.2.2"
| #define PACKAGE_STRING "gtksourcecompletion 0.2.2"
| #define PACKAGE_BUGREPORT ""
| #define PACKAGE "gtksourcecompletion"
| #define VERSION "0.2.2"
| #define STDC_HEADERS 1
| #define HAVE_SYS_TYPES_H 1
| #define HAVE_SYS_STAT_H 1
| #define HAVE_STDLIB_H 1
| #define HAVE_STRING_H 1
| #define HAVE_MEMORY_H 1
| #define HAVE_STRINGS_H 1
| #define HAVE_INTTYPES_H 1
| #define HAVE_STDINT_H 1
| #define HAVE_UNISTD_H 1
| #define HAVE_DLFCN_H 1
| /* end confdefs.h.  */
| #include <ac_nonexistent.h>
configure:6203: checking for g77
configure:6233: result: no
configure:6203: checking for xlf
configure:6233: result: no
configure:6203: checking for f77
configure:6233: result: no
configure:6203: checking for frt
configure:6233: result: no
configure:6203: checking for pgf77
configure:6233: result: no
configure:6203: checking for cf77
configure:6233: result: no
configure:6203: checking for fort77
configure:6233: result: no
configure:6203: checking for fl32
configure:6233: result: no
configure:6203: checking for af77
configure:6233: result: no
configure:6203: checking for xlf90
configure:6233: result: no
configure:6203: checking for f90
configure:6233: result: no
configure:6203: checking for pgf90
configure:6233: result: no
configure:6203: checking for pghpf
configure:6233: result: no
configure:6203: checking for epcf90
configure:6233: result: no
configure:6203: checking for gfortran
configure:6233: result: no
configure:6203: checking for g95
configure:6233: result: no
configure:6203: checking for xlf95
configure:6233: result: no
configure:6203: checking for f95
configure:6233: result: no
configure:6203: checking for fort
configure:6233: result: no
configure:6203: checking for ifort
configure:6233: result: no
configure:6203: checking for ifc
configure:6233: result: no
configure:6203: checking for efc
configure:6233: result: no
configure:6203: checking for pgf95
configure:6233: result: no
configure:6203: checking for lf95
configure:6233: result: no
configure:6203: checking for ftn
configure:6233: result: no
configure:6260: checking for Fortran 77 compiler version
configure:6267:  --version >&5
/home/perriman/dev/src/gtksourcecomple/gtksourcecompletion/trunk/configure: line 6268: --version: command not found
configure:6270: $? = 127
configure:6277:  -v >&5
/home/perriman/dev/src/gtksourcecomple/gtksourcecompletion/trunk/configure: line 6278: -v: command not found
configure:6280: $? = 127
configure:6287:  -V >&5
/home/perriman/dev/src/gtksourcecomple/gtksourcecompletion/trunk/configure: line 6288: -V: command not found
configure:6290: $? = 127
configure:6298: checking whether we are using the GNU Fortran 77 compiler
configure:6317:  -c  conftest.F >&5
/home/perriman/dev/src/gtksourcecomple/gtksourcecompletion/trunk/configure: line 6318: -c: command not found
configure:6323: $? = 127
configure: failed program was:
|       program main
| #ifndef __GNUC__
|        choke me
| #endif
| 
|       end
configure:6340: result: no
configure:6346: checking whether  accepts -g
configure:6363:  -c -g conftest.f >&5
/home/perriman/dev/src/gtksourcecomple/gtksourcecompletion/trunk/configure: line 6364: -c: command not found
configure:6369: $? = 127
configure: failed program was:
|       program main
| 
|       end
configure:6385: result: no
configure:6415: checking the maximum length of command line arguments
configure:6527: result: 98304
configure:6539: checking command to parse /usr/bin/nm -B output from gcc object
configure:6644: gcc -c -g -O2  conftest.c >&5
configure:6647: $? = 0
configure:6651: /usr/bin/nm -B conftest.o \| sed -n -e 's/^.*[ 	]\([ABCDGIRSTW][ABCDGIRSTW]*\)[ 	][ 	]*\([_A-Za-z][_A-Za-z0-9]*\)$/\1 \2 \2/p' \> conftest.nm
configure:6654: $? = 0
configure:6706: gcc -o conftest -g -O2   conftest.c conftstm.o >&5
configure:6709: $? = 0
configure:6747: result: ok
configure:6751: checking for objdir
configure:6766: result: .libs
configure:6858: checking for ar
configure:6874: found /usr/bin/ar
configure:6885: result: ar
configure:6954: checking for ranlib
configure:6970: found /usr/bin/ranlib
configure:6981: result: ranlib
configure:7050: checking for strip
configure:7066: found /usr/bin/strip
configure:7077: result: strip
configure:7363: checking if gcc supports -fno-rtti -fno-exceptions
configure:7381: gcc -c -g -O2  -fno-rtti -fno-exceptions conftest.c >&5
cc1: warning: command line option "-fno-rtti" is valid for C++/ObjC++ but not for C
configure:7385: $? = 0
configure:7398: result: no
configure:7413: checking for gcc option to produce PIC
configure:7645: result: -fPIC
configure:7653: checking if gcc PIC flag -fPIC works
configure:7671: gcc -c -g -O2  -fPIC -DPIC conftest.c >&5
configure:7675: $? = 0
configure:7688: result: yes
configure:7716: checking if gcc static flag -static works
configure:7744: result: yes
configure:7754: checking if gcc supports -c -o file.o
configure:7775: gcc -c -g -O2  -o out/conftest2.o conftest.c >&5
configure:7779: $? = 0
configure:7801: result: yes
configure:7827: checking whether the gcc linker (/usr/bin/ld) supports shared libraries
configure:8808: result: yes
configure:8829: checking whether -lc should be explicitly linked in
configure:8834: gcc -c -g -O2  conftest.c >&5
configure:8837: $? = 0
configure:8852: gcc -shared conftest.o  -v -Wl,-soname -Wl,conftest -o conftest 2\>\&1 \| grep  -lc  \>/dev/null 2\>\&1
configure:8855: $? = 0
configure:8867: result: no
configure:8875: checking dynamic linker characteristics
configure:9489: result: GNU/Linux ld.so
configure:9498: checking how to hardcode library paths into programs
configure:9523: result: immediate
configure:9537: checking whether stripping libraries is possible
configure:9542: result: yes
configure:10344: checking if libtool supports shared libraries
configure:10346: result: yes
configure:10349: checking whether to build shared libraries
configure:10370: result: yes
configure:10373: checking whether to build static libraries
configure:10377: result: yes
configure:10470: creating libtool
configure:11058: checking for ld used by g++
configure:11125: result: /usr/bin/ld
configure:11134: checking if the linker (/usr/bin/ld) is GNU ld
configure:11149: result: yes
configure:11200: checking whether the g++ linker (/usr/bin/ld) supports shared libraries
configure:12174: result: yes
configure:12192: g++ -c -g -O2  conftest.cpp >&5
configure:12195: $? = 0
configure:12347: checking for g++ option to produce PIC
configure:12631: result: -fPIC
configure:12639: checking if g++ PIC flag -fPIC works
configure:12657: g++ -c -g -O2  -fPIC -DPIC conftest.cpp >&5
configure:12661: $? = 0
configure:12674: result: yes
configure:12702: checking if g++ static flag -static works
configure:12730: result: yes
configure:12740: checking if g++ supports -c -o file.o
configure:12761: g++ -c -g -O2  -o out/conftest2.o conftest.cpp >&5
configure:12765: $? = 0
configure:12787: result: yes
configure:12813: checking whether the g++ linker (/usr/bin/ld) supports shared libraries
configure:12841: result: yes
configure:12908: checking dynamic linker characteristics
configure:13470: result: GNU/Linux ld.so
configure:13479: checking how to hardcode library paths into programs
configure:13504: result: immediate
configure:19703: checking for ANSI C header files
configure:19867: result: yes
configure:19895: checking for unistd.h
configure:19901: result: yes
configure:19905: checking sys/param.h usability
configure:19922: gcc -c -g -O2  conftest.c >&5
configure:19928: $? = 0
configure:19942: result: yes
configure:19946: checking sys/param.h presence
configure:19961: gcc -E  conftest.c
configure:19967: $? = 0
configure:19981: result: yes
configure:20009: checking for sys/param.h
configure:20017: result: yes
configure:19905: checking sys/time.h usability
configure:19922: gcc -c -g -O2  conftest.c >&5
configure:19928: $? = 0
configure:19942: result: yes
configure:19946: checking sys/time.h presence
configure:19961: gcc -E  conftest.c
configure:19967: $? = 0
configure:19981: result: yes
configure:20009: checking for sys/time.h
configure:20017: result: yes
configure:19905: checking time.h usability
configure:19922: gcc -c -g -O2  conftest.c >&5
configure:19928: $? = 0
configure:19942: result: yes
configure:19946: checking time.h presence
configure:19961: gcc -E  conftest.c
configure:19967: $? = 0
configure:19981: result: yes
configure:20009: checking for time.h
configure:20017: result: yes
configure:19905: checking sys/mkdev.h usability
configure:19922: gcc -c -g -O2  conftest.c >&5
conftest.c:59:23: error: sys/mkdev.h: No such file or directory
configure:19928: $? = 1
configure: failed program was:
| /* confdefs.h.  */
| #define PACKAGE_NAME "gtksourcecompletion"
| #define PACKAGE_TARNAME "gtksourcecompletion"
| #define PACKAGE_VERSION "0.2.2"
| #define PACKAGE_STRING "gtksourcecompletion 0.2.2"
| #define PACKAGE_BUGREPORT ""
| #define PACKAGE "gtksourcecompletion"
| #define VERSION "0.2.2"
| #define STDC_HEADERS 1
| #define HAVE_SYS_TYPES_H 1
| #define HAVE_SYS_STAT_H 1
| #define HAVE_STDLIB_H 1
| #define HAVE_STRING_H 1
| #define HAVE_MEMORY_H 1
| #define HAVE_STRINGS_H 1
| #define HAVE_INTTYPES_H 1
| #define HAVE_STDINT_H 1
| #define HAVE_UNISTD_H 1
| #define HAVE_DLFCN_H 1
| #define STDC_HEADERS 1
| #define HAVE_UNISTD_H 1
| #define HAVE_SYS_PARAM_H 1
| #define HAVE_SYS_TIME_H 1
| #define HAVE_TIME_H 1
| /* end confdefs.h.  */
| #include <stdio.h>
| #ifdef HAVE_SYS_TYPES_H
| # include <sys/types.h>
| #endif
| #ifdef HAVE_SYS_STAT_H
| # include <sys/stat.h>
| #endif
| #ifdef STDC_HEADERS
| # include <stdlib.h>
| # include <stddef.h>
| #else
| # ifdef HAVE_STDLIB_H
| #  include <stdlib.h>
| # endif
| #endif
| #ifdef HAVE_STRING_H
| # if !defined STDC_HEADERS && defined HAVE_MEMORY_H
| #  include <memory.h>
| # endif
| # include <string.h>
| #endif
| #ifdef HAVE_STRINGS_H
| # include <strings.h>
| #endif
| #ifdef HAVE_INTTYPES_H
| # include <inttypes.h>
| #endif
| #ifdef HAVE_STDINT_H
| # include <stdint.h>
| #endif
| #ifdef HAVE_UNISTD_H
| # include <unistd.h>
| #endif
| #include <sys/mkdev.h>
configure:19942: result: no
configure:19946: checking sys/mkdev.h presence
configure:19961: gcc -E  conftest.c
conftest.c:26:23: error: sys/mkdev.h: No such file or directory
configure:19967: $? = 1
configure: failed program was:
| /* confdefs.h.  */
| #define PACKAGE_NAME "gtksourcecompletion"
| #define PACKAGE_TARNAME "gtksourcecompletion"
| #define PACKAGE_VERSION "0.2.2"
| #define PACKAGE_STRING "gtksourcecompletion 0.2.2"
| #define PACKAGE_BUGREPORT ""
| #define PACKAGE "gtksourcecompletion"
| #define VERSION "0.2.2"
| #define STDC_HEADERS 1
| #define HAVE_SYS_TYPES_H 1
| #define HAVE_SYS_STAT_H 1
| #define HAVE_STDLIB_H 1
| #define HAVE_STRING_H 1
| #define HAVE_MEMORY_H 1
| #define HAVE_STRINGS_H 1
| #define HAVE_INTTYPES_H 1
| #define HAVE_STDINT_H 1
| #define HAVE_UNISTD_H 1
| #define HAVE_DLFCN_H 1
| #define STDC_HEADERS 1
| #define HAVE_UNISTD_H 1
| #define HAVE_SYS_PARAM_H 1
| #define HAVE_SYS_TIME_H 1
| #define HAVE_TIME_H 1
| /* end confdefs.h.  */
| #include <sys/mkdev.h>
configure:19981: result: no
configure:20009: checking for sys/mkdev.h
configure:20017: result: no
configure:19905: checking sys/sysmacros.h usability
configure:19922: gcc -c -g -O2  conftest.c >&5
configure:19928: $? = 0
configure:19942: result: yes
configure:19946: checking sys/sysmacros.h presence
configure:19961: gcc -E  conftest.c
configure:19967: $? = 0
configure:19981: result: yes
configure:20009: checking for sys/sysmacros.h
configure:20017: result: yes
configure:19895: checking for string.h
configure:19901: result: yes
configure:19895: checking for memory.h
configure:19901: result: yes
configure:19905: checking fcntl.h usability
configure:19922: gcc -c -g -O2  conftest.c >&5
configure:19928: $? = 0
configure:19942: result: yes
configure:19946: checking fcntl.h presence
configure:19961: gcc -E  conftest.c
configure:19967: $? = 0
configure:19981: result: yes
configure:20009: checking for fcntl.h
configure:20017: result: yes
configure:19905: checking dirent.h usability
configure:19922: gcc -c -g -O2  conftest.c >&5
configure:19928: $? = 0
configure:19942: result: yes
configure:19946: checking dirent.h presence
configure:19961: gcc -E  conftest.c
configure:19967: $? = 0
configure:19981: result: yes
configure:20009: checking for dirent.h
configure:20017: result: yes
configure:19905: checking sys/ndir.h usability
configure:19922: gcc -c -g -O2  conftest.c >&5
conftest.c:64:22: error: sys/ndir.h: No such file or directory
configure:19928: $? = 1
configure: failed program was:
| /* confdefs.h.  */
| #define PACKAGE_NAME "gtksourcecompletion"
| #define PACKAGE_TARNAME "gtksourcecompletion"
| #define PACKAGE_VERSION "0.2.2"
| #define PACKAGE_STRING "gtksourcecompletion 0.2.2"
| #define PACKAGE_BUGREPORT ""
| #define PACKAGE "gtksourcecompletion"
| #define VERSION "0.2.2"
| #define STDC_HEADERS 1
| #define HAVE_SYS_TYPES_H 1
| #define HAVE_SYS_STAT_H 1
| #define HAVE_STDLIB_H 1
| #define HAVE_STRING_H 1
| #define HAVE_MEMORY_H 1
| #define HAVE_STRINGS_H 1
| #define HAVE_INTTYPES_H 1
| #define HAVE_STDINT_H 1
| #define HAVE_UNISTD_H 1
| #define HAVE_DLFCN_H 1
| #define STDC_HEADERS 1
| #define HAVE_UNISTD_H 1
| #define HAVE_SYS_PARAM_H 1
| #define HAVE_SYS_TIME_H 1
| #define HAVE_TIME_H 1
| #define HAVE_SYS_SYSMACROS_H 1
| #define HAVE_STRING_H 1
| #define HAVE_MEMORY_H 1
| #define HAVE_FCNTL_H 1
| #define HAVE_DIRENT_H 1
| /* end confdefs.h.  */
| #include <stdio.h>
| #ifdef HAVE_SYS_TYPES_H
| # include <sys/types.h>
| #endif
| #ifdef HAVE_SYS_STAT_H
| # include <sys/stat.h>
| #endif
| #ifdef STDC_HEADERS
| # include <stdlib.h>
| # include <stddef.h>
| #else
| # ifdef HAVE_STDLIB_H
| #  include <stdlib.h>
| # endif
| #endif
| #ifdef HAVE_STRING_H
| # if !defined STDC_HEADERS && defined HAVE_MEMORY_H
| #  include <memory.h>
| # endif
| # include <string.h>
| #endif
| #ifdef HAVE_STRINGS_H
| # include <strings.h>
| #endif
| #ifdef HAVE_INTTYPES_H
| # include <inttypes.h>
| #endif
| #ifdef HAVE_STDINT_H
| # include <stdint.h>
| #endif
| #ifdef HAVE_UNISTD_H
| # include <unistd.h>
| #endif
| #include <sys/ndir.h>
configure:19942: result: no
configure:19946: checking sys/ndir.h presence
configure:19961: gcc -E  conftest.c
conftest.c:31:22: error: sys/ndir.h: No such file or directory
configure:19967: $? = 1
configure: failed program was:
| /* confdefs.h.  */
| #define PACKAGE_NAME "gtksourcecompletion"
| #define PACKAGE_TARNAME "gtksourcecompletion"
| #define PACKAGE_VERSION "0.2.2"
| #define PACKAGE_STRING "gtksourcecompletion 0.2.2"
| #define PACKAGE_BUGREPORT ""
| #define PACKAGE "gtksourcecompletion"
| #define VERSION "0.2.2"
| #define STDC_HEADERS 1
| #define HAVE_SYS_TYPES_H 1
| #define HAVE_SYS_STAT_H 1
| #define HAVE_STDLIB_H 1
| #define HAVE_STRING_H 1
| #define HAVE_MEMORY_H 1
| #define HAVE_STRINGS_H 1
| #define HAVE_INTTYPES_H 1
| #define HAVE_STDINT_H 1
| #define HAVE_UNISTD_H 1
| #define HAVE_DLFCN_H 1
| #define STDC_HEADERS 1
| #define HAVE_UNISTD_H 1
| #define HAVE_SYS_PARAM_H 1
| #define HAVE_SYS_TIME_H 1
| #define HAVE_TIME_H 1
| #define HAVE_SYS_SYSMACROS_H 1
| #define HAVE_STRING_H 1
| #define HAVE_MEMORY_H 1
| #define HAVE_FCNTL_H 1
| #define HAVE_DIRENT_H 1
| /* end confdefs.h.  */
| #include <sys/ndir.h>
configure:19981: result: no
configure:20009: checking for sys/ndir.h
configure:20017: result: no
configure:19905: checking ndir.h usability
configure:19922: gcc -c -g -O2  conftest.c >&5
conftest.c:64:18: error: ndir.h: No such file or directory
configure:19928: $? = 1
configure: failed program was:
| /* confdefs.h.  */
| #define PACKAGE_NAME "gtksourcecompletion"
| #define PACKAGE_TARNAME "gtksourcecompletion"
| #define PACKAGE_VERSION "0.2.2"
| #define PACKAGE_STRING "gtksourcecompletion 0.2.2"
| #define PACKAGE_BUGREPORT ""
| #define PACKAGE "gtksourcecompletion"
| #define VERSION "0.2.2"
| #define STDC_HEADERS 1
| #define HAVE_SYS_TYPES_H 1
| #define HAVE_SYS_STAT_H 1
| #define HAVE_STDLIB_H 1
| #define HAVE_STRING_H 1
| #define HAVE_MEMORY_H 1
| #define HAVE_STRINGS_H 1
| #define HAVE_INTTYPES_H 1
| #define HAVE_STDINT_H 1
| #define HAVE_UNISTD_H 1
| #define HAVE_DLFCN_H 1
| #define STDC_HEADERS 1
| #define HAVE_UNISTD_H 1
| #define HAVE_SYS_PARAM_H 1
| #define HAVE_SYS_TIME_H 1
| #define HAVE_TIME_H 1
| #define HAVE_SYS_SYSMACROS_H 1
| #define HAVE_STRING_H 1
| #define HAVE_MEMORY_H 1
| #define HAVE_FCNTL_H 1
| #define HAVE_DIRENT_H 1
| /* end confdefs.h.  */
| #include <stdio.h>
| #ifdef HAVE_SYS_TYPES_H
| # include <sys/types.h>
| #endif
| #ifdef HAVE_SYS_STAT_H
| # include <sys/stat.h>
| #endif
| #ifdef STDC_HEADERS
| # include <stdlib.h>
| # include <stddef.h>
| #else
| # ifdef HAVE_STDLIB_H
| #  include <stdlib.h>
| # endif
| #endif
| #ifdef HAVE_STRING_H
| # if !defined STDC_HEADERS && defined HAVE_MEMORY_H
| #  include <memory.h>
| # endif
| # include <string.h>
| #endif
| #ifdef HAVE_STRINGS_H
| # include <strings.h>
| #endif
| #ifdef HAVE_INTTYPES_H
| # include <inttypes.h>
| #endif
| #ifdef HAVE_STDINT_H
| # include <stdint.h>
| #endif
| #ifdef HAVE_UNISTD_H
| # include <unistd.h>
| #endif
| #include <ndir.h>
configure:19942: result: no
configure:19946: checking ndir.h presence
configure:19961: gcc -E  conftest.c
conftest.c:31:18: error: ndir.h: No such file or directory
configure:19967: $? = 1
configure: failed program was:
| /* confdefs.h.  */
| #define PACKAGE_NAME "gtksourcecompletion"
| #define PACKAGE_TARNAME "gtksourcecompletion"
| #define PACKAGE_VERSION "0.2.2"
| #define PACKAGE_STRING "gtksourcecompletion 0.2.2"
| #define PACKAGE_BUGREPORT ""
| #define PACKAGE "gtksourcecompletion"
| #define VERSION "0.2.2"
| #define STDC_HEADERS 1
| #define HAVE_SYS_TYPES_H 1
| #define HAVE_SYS_STAT_H 1
| #define HAVE_STDLIB_H 1
| #define HAVE_STRING_H 1
| #define HAVE_MEMORY_H 1
| #define HAVE_STRINGS_H 1
| #define HAVE_INTTYPES_H 1
| #define HAVE_STDINT_H 1
| #define HAVE_UNISTD_H 1
| #define HAVE_DLFCN_H 1
| #define STDC_HEADERS 1
| #define HAVE_UNISTD_H 1
| #define HAVE_SYS_PARAM_H 1
| #define HAVE_SYS_TIME_H 1
| #define HAVE_TIME_H 1
| #define HAVE_SYS_SYSMACROS_H 1
| #define HAVE_STRING_H 1
| #define HAVE_MEMORY_H 1
| #define HAVE_FCNTL_H 1
| #define HAVE_DIRENT_H 1
| /* end confdefs.h.  */
| #include <ndir.h>
configure:19981: result: no
configure:20009: checking for ndir.h
configure:20017: result: no
configure:19905: checking alloca.h usability
configure:19922: gcc -c -g -O2  conftest.c >&5
configure:19928: $? = 0
configure:19942: result: yes
configure:19946: checking alloca.h presence
configure:19961: gcc -E  conftest.c
configure:19967: $? = 0
configure:19981: result: yes
configure:20009: checking for alloca.h
configure:20017: result: yes
configure:19905: checking locale.h usability
configure:19922: gcc -c -g -O2  conftest.c >&5
configure:19928: $? = 0
configure:19942: result: yes
configure:19946: checking locale.h presence
configure:19961: gcc -E  conftest.c
configure:19967: $? = 0
configure:19981: result: yes
configure:20009: checking for locale.h
configure:20017: result: yes
configure:20032: checking whether time.h and sys/time.h may both be included
configure:20062: gcc -c -g -O2  conftest.c >&5
configure:20068: $? = 0
configure:20083: result: yes
configure:20109: checking utime.h usability
configure:20126: gcc -c -g -O2  conftest.c >&5
configure:20132: $? = 0
configure:20146: result: yes
configure:20150: checking utime.h presence
configure:20165: gcc -E  conftest.c
configure:20171: $? = 0
configure:20185: result: yes
configure:20213: checking for utime.h
configure:20221: result: yes
configure:20235: checking for struct utimbuf
configure:20275: gcc -c -g -O2  conftest.c >&5
configure:20281: $? = 0
configure:20297: result: yes
configure:20308: checking whether sys/types.h defines makedev
configure:20334: gcc -o conftest -g -O2   conftest.c  >&5
configure:20340: $? = 0
configure:20358: result: yes
configure:20637: checking for working alloca.h
configure:20664: gcc -o conftest -g -O2   conftest.c  >&5
configure:20670: $? = 0
configure:20687: result: yes
configure:20697: checking for alloca
configure:20744: gcc -o conftest -g -O2   conftest.c  >&5
configure:20750: $? = 0
configure:20767: result: yes
configure:20994: checking whether struct tm is in sys/time.h or time.h
configure:21024: gcc -c -g -O2  conftest.c >&5
configure:21030: $? = 0
configure:21045: result: time.h
configure:21055: checking for struct stat.st_blocks
configure:21083: gcc -c -g -O2  conftest.c >&5
configure:21089: $? = 0
configure:21146: result: yes
configure:21177: checking for dirent.h that defines DIR
configure:21206: gcc -c -g -O2  conftest.c >&5
configure:21212: $? = 0
configure:21228: result: yes
configure:21241: checking for library containing opendir
configure:21282: gcc -o conftest -g -O2   conftest.c  >&5
configure:21288: $? = 0
configure:21316: result: none required
configure:21410: checking whether closedir returns void
configure:21444: gcc -o conftest -g -O2   conftest.c  >&5
configure:21447: $? = 0
configure:21453: ./conftest
configure:21456: $? = 0
configure:21472: result: no
configure:21486: checking for mkfifo
configure:21542: gcc -o conftest -g -O2   conftest.c  >&5
configure:21548: $? = 0
configure:21566: result: yes
configure:21576: checking for mknod
configure:21632: gcc -o conftest -g -O2   conftest.c  >&5
configure:21638: $? = 0
configure:21655: result: yes
configure:21784: creating ./config.status

## ---------------------- ##
## Running config.status. ##
## ---------------------- ##

This file was extended by gtksourcecompletion config.status 0.2.2, which was
generated by GNU Autoconf 2.61.  Invocation command line was

  CONFIG_FILES    = 
  CONFIG_HEADERS  = 
  CONFIG_LINKS    = 
  CONFIG_COMMANDS = 
  $ ./config.status 

on portatil

config.status:671: creating Makefile
config.status:671: creating gtksourcecompletion-1.0.pc
config.status:671: creating gtksourcecompletion.lsm
config.status:671: creating gtksourcecompletion.spec
config.status:671: creating gtksourcecompletion/Makefile
config.status:671: creating config.h
config.status:919: config.h is unchanged
config.status:965: executing depfiles commands

## ---------------- ##
## Cache variables. ##
## ---------------- ##

ac_cv_build=i686-pc-linux-gnu
ac_cv_c_compiler_gnu=yes
ac_cv_cxx_compiler_gnu=yes
ac_cv_env_CCC_set=
ac_cv_env_CCC_value=
ac_cv_env_CC_set=
ac_cv_env_CC_value=
ac_cv_env_CFLAGS_set=
ac_cv_env_CFLAGS_value=
ac_cv_env_CPPFLAGS_set=
ac_cv_env_CPPFLAGS_value=
ac_cv_env_CPP_set=
ac_cv_env_CPP_value=
ac_cv_env_CXXCPP_set=
ac_cv_env_CXXCPP_value=
ac_cv_env_CXXFLAGS_set=
ac_cv_env_CXXFLAGS_value=
ac_cv_env_CXX_set=
ac_cv_env_CXX_value=
ac_cv_env_DEP_CFLAGS_set=
ac_cv_env_DEP_CFLAGS_value=
ac_cv_env_DEP_LIBS_set=
ac_cv_env_DEP_LIBS_value=
ac_cv_env_F77_set=
ac_cv_env_F77_value=
ac_cv_env_FFLAGS_set=
ac_cv_env_FFLAGS_value=
ac_cv_env_LDFLAGS_set=
ac_cv_env_LDFLAGS_value=
ac_cv_env_LIBS_set=
ac_cv_env_LIBS_value=
ac_cv_env_PKG_CONFIG_set=
ac_cv_env_PKG_CONFIG_value=
ac_cv_env_build_alias_set=
ac_cv_env_build_alias_value=
ac_cv_env_host_alias_set=
ac_cv_env_host_alias_value=
ac_cv_env_target_alias_set=
ac_cv_env_target_alias_value=
ac_cv_f77_compiler_gnu=no
ac_cv_func_alloca_works=yes
ac_cv_func_closedir_void=no
ac_cv_func_mkfifo=yes
ac_cv_func_mknod=yes
ac_cv_header_alloca_h=yes
ac_cv_header_dirent_dirent_h=yes
ac_cv_header_dirent_h=yes
ac_cv_header_dlfcn_h=yes
ac_cv_header_fcntl_h=yes
ac_cv_header_inttypes_h=yes
ac_cv_header_locale_h=yes
ac_cv_header_memory_h=yes
ac_cv_header_ndir_h=no
ac_cv_header_stdc=yes
ac_cv_header_stdint_h=yes
ac_cv_header_stdlib_h=yes
ac_cv_header_string_h=yes
ac_cv_header_strings_h=yes
ac_cv_header_sys_mkdev_h=no
ac_cv_header_sys_ndir_h=no
ac_cv_header_sys_param_h=yes
ac_cv_header_sys_stat_h=yes
ac_cv_header_sys_sysmacros_h=yes
ac_cv_header_sys_time_h=yes
ac_cv_header_sys_types_h=yes
ac_cv_header_sys_types_h_makedev=yes
ac_cv_header_time=yes
ac_cv_header_time_h=yes
ac_cv_header_unistd_h=yes
ac_cv_header_utime_h=yes
ac_cv_host=i686-pc-linux-gnu
ac_cv_member_struct_stat_st_blocks=yes
ac_cv_objext=o
ac_cv_path_EGREP='/bin/grep -E'
ac_cv_path_GREP=/bin/grep
ac_cv_path_ac_pt_PKG_CONFIG=/usr/bin/pkg-config
ac_cv_path_install='/usr/bin/install -c'
ac_cv_path_mkdir=/bin/mkdir
ac_cv_prog_AWK=gawk
ac_cv_prog_CPP='gcc -E'
ac_cv_prog_CXXCPP='g++ -E'
ac_cv_prog_ac_ct_AR=ar
ac_cv_prog_ac_ct_CC=gcc
ac_cv_prog_ac_ct_CXX=g++
ac_cv_prog_ac_ct_RANLIB=ranlib
ac_cv_prog_ac_ct_STRIP=strip
ac_cv_prog_cc_c89=
ac_cv_prog_cc_g=yes
ac_cv_prog_cxx_g=yes
ac_cv_prog_f77_g=no
ac_cv_prog_make_make_set=yes
ac_cv_search_opendir='none required'
ac_cv_struct_tm=time.h
ac_cv_working_alloca_h=yes
am_cv_CC_dependencies_compiler_type=gcc3
am_cv_CXX_dependencies_compiler_type=gcc3
fu_cv_sys_struct_utimbuf=yes
lt_cv_deplibs_check_method=pass_all
lt_cv_file_magic_cmd='$MAGIC_CMD'
lt_cv_file_magic_test_file=
lt_cv_ld_reload_flag=-r
lt_cv_objdir=.libs
lt_cv_path_LD=/usr/bin/ld
lt_cv_path_LDCXX=/usr/bin/ld
lt_cv_path_NM='/usr/bin/nm -B'
lt_cv_path_SED=/bin/sed
lt_cv_prog_compiler_c_o=yes
lt_cv_prog_compiler_c_o_CXX=yes
lt_cv_prog_compiler_rtti_exceptions=no
lt_cv_prog_gnu_ld=yes
lt_cv_prog_gnu_ldcxx=yes
lt_cv_sys_global_symbol_pipe='sed -n -e '\''s/^.*[ 	]\([ABCDGIRSTW][ABCDGIRSTW]*\)[ 	][ 	]*\([_A-Za-z][_A-Za-z0-9]*\)$/\1 \2 \2/p'\'''
lt_cv_sys_global_symbol_to_c_name_address='sed -n -e '\''s/^: \([^ ]*\) $/  {\"\1\", (lt_ptr) 0},/p'\'' -e '\''s/^[BCDEGRST] \([^ ]*\) \([^ ]*\)$/  {"\2", (lt_ptr) \&\2},/p'\'''
lt_cv_sys_global_symbol_to_cdecl='sed -n -e '\''s/^. .* \(.*\)$/extern int \1;/p'\'''
lt_cv_sys_max_cmd_len=98304
lt_lt_cv_prog_compiler_c_o='"yes"'
lt_lt_cv_prog_compiler_c_o_CXX='"yes"'
lt_lt_cv_sys_global_symbol_pipe='"sed -n -e '\''s/^.*[ 	]\\([ABCDGIRSTW][ABCDGIRSTW]*\\)[ 	][ 	]*\\([_A-Za-z][_A-Za-z0-9]*\\)\$/\\1 \\2 \\2/p'\''"'
lt_lt_cv_sys_global_symbol_to_c_name_address='"sed -n -e '\''s/^: \\([^ ]*\\) \$/  {\\\"\\1\\\", (lt_ptr) 0},/p'\'' -e '\''s/^[BCDEGRST] \\([^ ]*\\) \\([^ ]*\\)\$/  {\"\\2\", (lt_ptr) \\&\\2},/p'\''"'
lt_lt_cv_sys_global_symbol_to_cdecl='"sed -n -e '\''s/^. .* \\(.*\\)\$/extern int \\1;/p'\''"'
pkg_cv_DEP_CFLAGS='-I/usr/include/gtksourceview-1.0 -I/usr/include/gtk-2.0 -I/usr/include/libxml2 -I/usr/include/libgnomeprint-2.2 -I/usr/lib/gtk-2.0/include -I/usr/include/atk-1.0 -I/usr/include/cairo -I/usr/include/pango-1.0 -I/usr/include/glib-2.0 -I/usr/lib/glib-2.0/include -I/usr/include/freetype2 -I/usr/include/libpng12 -I/usr/include/libart-2.0  '
pkg_cv_DEP_LIBS='-lgtksourceview-1.0 -lgtk-x11-2.0 -lgnomeprint-2-2 -lz -lgdk-x11-2.0 -latk-1.0 -lgdk_pixbuf-2.0 -lm -lpangocairo-1.0 -lfontconfig -lXext -lXrender -lXinerama -lXi -lXrandr -lXcursor -lXcomposite -lXdamage -lcairo -lX11 -lXfixes -lart_lgpl_2 -lxml2 -lpango-1.0 -lgobject-2.0 -lgmodule-2.0 -ldl -lglib-2.0  '

## ----------------- ##
## Output variables. ##
## ----------------- ##

ACLOCAL='${SHELL} /home/perriman/dev/src/gtksourcecomple/gtksourcecompletion/trunk/missing --run aclocal-1.10'
ALLOCA=''
AMDEPBACKSLASH='\'
AMDEP_FALSE='#'
AMDEP_TRUE=''
AMTAR='${SHELL} /home/perriman/dev/src/gtksourcecomple/gtksourcecompletion/trunk/missing --run tar'
AR='ar'
AUTOCONF='${SHELL} /home/perriman/dev/src/gtksourcecomple/gtksourcecompletion/trunk/missing --run autoconf'
AUTOHEADER='${SHELL} /home/perriman/dev/src/gtksourcecomple/gtksourcecompletion/trunk/missing --run autoheader'
AUTOMAKE='${SHELL} /home/perriman/dev/src/gtksourcecomple/gtksourcecompletion/trunk/missing --run automake-1.10'
AWK='gawk'
CC='gcc'
CCDEPMODE='depmode=gcc3'
CFLAGS='-g -O2'
CPP='gcc -E'
CPPFLAGS=''
CXX='g++'
CXXCPP='g++ -E'
CXXDEPMODE='depmode=gcc3'
CXXFLAGS='-g -O2'
CYGPATH_W='echo'
DEFS='-DHAVE_CONFIG_H'
DEPDIR='.deps'
DEP_CFLAGS='-I/usr/include/gtksourceview-1.0 -I/usr/include/gtk-2.0 -I/usr/include/libxml2 -I/usr/include/libgnomeprint-2.2 -I/usr/lib/gtk-2.0/include -I/usr/include/atk-1.0 -I/usr/include/cairo -I/usr/include/pango-1.0 -I/usr/include/glib-2.0 -I/usr/lib/glib-2.0/include -I/usr/include/freetype2 -I/usr/include/libpng12 -I/usr/include/libart-2.0  '
DEP_LIBS='-lgtksourceview-1.0 -lgtk-x11-2.0 -lgnomeprint-2-2 -lz -lgdk-x11-2.0 -latk-1.0 -lgdk_pixbuf-2.0 -lm -lpangocairo-1.0 -lfontconfig -lXext -lXrender -lXinerama -lXi -lXrandr -lXcursor -lXcomposite -lXdamage -lcairo -lX11 -lXfixes -lart_lgpl_2 -lxml2 -lpango-1.0 -lgobject-2.0 -lgmodule-2.0 -ldl -lglib-2.0  '
ECHO='echo'
ECHO_C=''
ECHO_N='-n'
ECHO_T=''
EGREP='/bin/grep -E'
EXEEXT=''
F77=''
FFLAGS=''
GREP='/bin/grep'
INSTALL_DATA='${INSTALL} -m 644'
INSTALL_PROGRAM='${INSTALL}'
INSTALL_SCRIPT='${INSTALL}'
INSTALL_STRIP_PROGRAM='$(install_sh) -c -s'
ISODATE='2007-12-13'
LDFLAGS=''
LIBOBJS=''
LIBS=''
LIBTOOL='$(SHELL) $(top_builddir)/libtool'
LN_S='ln -s'
LTLIBOBJS=''
MAKEINFO='${SHELL} /home/perriman/dev/src/gtksourcecomple/gtksourcecompletion/trunk/missing --run makeinfo'
OBJEXT='o'
PACKAGE='gtksourcecompletion'
PACKAGE_BUGREPORT=''
PACKAGE_NAME='gtksourcecompletion'
PACKAGE_STRING='gtksourcecompletion 0.2.2'
PACKAGE_TARNAME='gtksourcecompletion'
PACKAGE_VERSION='0.2.2'
PATH_SEPARATOR=':'
PKG_CONFIG='/usr/bin/pkg-config'
RANLIB='ranlib'
SED='/bin/sed'
SET_MAKE=''
SHELL='/bin/bash'
STRIP='strip'
VERSION='0.2.2'
ac_ct_CC='gcc'
ac_ct_CXX='g++'
ac_ct_F77=''
am__fastdepCC_FALSE='#'
am__fastdepCC_TRUE=''
am__fastdepCXX_FALSE='#'
am__fastdepCXX_TRUE=''
am__include='include'
am__isrc=''
am__leading_dot='.'
am__quote=''
am__tar='${AMTAR} chof - "$$tardir"'
am__untar='${AMTAR} xf -'
bindir='${exec_prefix}/bin'
build='i686-pc-linux-gnu'
build_alias=''
build_cpu='i686'
build_os='linux-gnu'
build_vendor='pc'
datadir='${datarootdir}'
datarootdir='${prefix}/share'
docdir='${datarootdir}/doc/${PACKAGE_TARNAME}'
dvidir='${docdir}'
exec_prefix='${prefix}'
host='i686-pc-linux-gnu'
host_alias=''
host_cpu='i686'
host_os='linux-gnu'
host_vendor='pc'
htmldir='${docdir}'
includedir='${prefix}/include'
infodir='${datarootdir}/info'
install_sh='$(SHELL) /home/perriman/dev/src/gtksourcecomple/gtksourcecompletion/trunk/install-sh'
libdir='${exec_prefix}/lib'
libexecdir='${exec_prefix}/libexec'
localedir='${datarootdir}/locale'
localstatedir='${prefix}/var'
mandir='${datarootdir}/man'
mkdir_p='/bin/mkdir -p'
oldincludedir='/usr/include'
pdfdir='${docdir}'
prefix='/usr'
program_transform_name='s,x,x,'
psdir='${docdir}'
sbindir='${exec_prefix}/sbin'
sharedstatedir='${prefix}/com'
sysconfdir='${prefix}/etc'
target_alias=''

## ----------- ##
## confdefs.h. ##
## ----------- ##

#define PACKAGE_NAME "gtksourcecompletion"
#define PACKAGE_TARNAME "gtksourcecompletion"
#define PACKAGE_VERSION "0.2.2"
#define PACKAGE_STRING "gtksourcecompletion 0.2.2"
#define PACKAGE_BUGREPORT ""
#define PACKAGE "gtksourcecompletion"
#define VERSION "0.2.2"
#define STDC_HEADERS 1
#define HAVE_SYS_TYPES_H 1
#define HAVE_SYS_STAT_H 1
#define HAVE_STDLIB_H 1
#define HAVE_STRING_H 1
#define HAVE_MEMORY_H 1
#define HAVE_STRINGS_H 1
#define HAVE_INTTYPES_H 1
#define HAVE_STDINT_H 1
#define HAVE_UNISTD_H 1
#define HAVE_DLFCN_H 1
#define STDC_HEADERS 1
#define HAVE_UNISTD_H 1
#define HAVE_SYS_PARAM_H 1
#define HAVE_SYS_TIME_H 1
#define HAVE_TIME_H 1
#define HAVE_SYS_SYSMACROS_H 1
#define HAVE_STRING_H 1
#define HAVE_MEMORY_H 1
#define HAVE_FCNTL_H 1
#define HAVE_DIRENT_H 1
#define HAVE_ALLOCA_H 1
#define HAVE_LOCALE_H 1
#define TIME_WITH_SYS_TIME 1
#define HAVE_UTIME_H 1
#define HAVE_STRUCT_UTIMBUF 1
#define HAVE_ALLOCA_H 1
#define HAVE_ALLOCA 1
#define HAVE_STRUCT_STAT_ST_BLOCKS 1
#define HAVE_ST_BLOCKS 1
#define HAVE_DIRENT_H 1
#define HAVE_MKFIFO 1

configure: exit 0
